<?xml version="1.0" encoding="UTF-8"?>
<testng-results skipped="0" failed="0" ignored="0" total="1" passed="1">
  <reporter-output>
  </reporter-output>
  <suite name="Default suite" duration-ms="12849" started-at="2018-12-16T04:21:08Z" finished-at="2018-12-16T04:21:21Z">
    <groups>
    </groups>
    <test name="Default test" duration-ms="12849" started-at="2018-12-16T04:21:08Z" finished-at="2018-12-16T04:21:21Z">
      <class name="volnayJen.VolnayTesNG">
        <test-method status="PASS" signature="beforeTest()[pri:0, instance:volnayJen.VolnayTesNG@1f57539]" name="beforeTest" is-config="true" duration-ms="8466" started-at="2018-12-16T04:21:08Z" finished-at="2018-12-16T04:21:16Z">
          <reporter-output>
          </reporter-output>
        </test-method> <!-- beforeTest -->
        <test-method status="PASS" signature="f(java.lang.String, java.lang.String)[pri:0, instance:volnayJen.VolnayTesNG@1f57539]" name="f" duration-ms="4294" started-at="2018-12-16T04:21:16Z" data-provider="userPassword" finished-at="2018-12-16T04:21:21Z">
          <params>
            <param index="0">
              <value>
                <![CDATA[vt.jessie@gmail.com]]>
              </value>
            </param>
            <param index="1">
              <value>
                <![CDATA[Divine123]]>
              </value>
            </param>
          </params>
          <reporter-output>
          </reporter-output>
        </test-method> <!-- f -->
        <test-method status="PASS" signature="afterTest()[pri:0, instance:volnayJen.VolnayTesNG@1f57539]" name="afterTest" is-config="true" duration-ms="1" started-at="2018-12-16T04:21:21Z" finished-at="2018-12-16T04:21:21Z">
          <reporter-output>
          </reporter-output>
        </test-method> <!-- afterTest -->
      </class> <!-- volnayJen.VolnayTesNG -->
    </test> <!-- Default test -->
  </suite> <!-- Default suite -->
</testng-results>
